#
# There is insufficient memory for the Java Runtime Environment to continue.
# Native memory allocation (mmap) failed to map 130023424 bytes for G1 virtual space
# Possible reasons:
#   The system is out of physical RAM or swap space
#   The process is running with CompressedOops enabled, and the Java Heap may be blocking the growth of the native heap
# Possible solutions:
#   Reduce memory load on the system
#   Increase physical memory or swap space
#   Check if swap backing store is full
#   Decrease Java heap size (-Xmx/-Xms)
#   Decrease number of Java threads
#   Decrease Java thread stack sizes (-Xss)
#   Set larger code cache with -XX:ReservedCodeCacheSize=
#   JVM is running with Unscaled Compressed Oops mode in which the Java heap is
#     placed in the first 4GB address space. The Java Heap base address is the
#     maximum limit for the native heap growth. Please use -XX:HeapBaseMinAddress
#     to set the Java Heap base and to place the Java Heap above 4GB virtual address.
# This output file may be truncated or incomplete.
#
#  Out of Memory Error (os_windows.cpp:3548), pid=23948, tid=28344
#
# JRE version:  (17.0.11+7) (build )
# Java VM: Java HotSpot(TM) 64-Bit Server VM (17.0.11+7-LTS-207, mixed mode, sharing, tiered, compressed oops, compressed class ptrs, g1 gc, windows-amd64)
# No core dump will be written. Minidumps are not enabled by default on client versions of Windows
#

---------------  S U M M A R Y ------------

Command Line: -Dfile.encoding=UTF-8 -Dstdout.encoding=UTF-8 -Dstderr.encoding=UTF-8 -XX:+ShowCodeDetailsInExceptionMessages employee.splash

Host: 11th Gen Intel(R) Core(TM) i3-1125G4 @ 2.00GHz, 8 cores, 7G,  Windows 11 , 64 bit Build 22621 (10.0.22621.3672)
Time: Thu Jun 13 11:55:04 2024 India Standard Time elapsed time: 0.015054 seconds (0d 0h 0m 0s)

---------------  T H R E A D  ---------------

Current thread (0x0000019b6efd0ed0):  JavaThread "Unknown thread" [_thread_in_vm, id=28344, stack(0x0000008395100000,0x0000008395200000)]

Stack: [0x0000008395100000,0x0000008395200000]
Native frames: (J=compiled Java code, j=interpreted, Vv=VM code, C=native code)
V  [jvm.dll+0x679cca]
V  [jvm.dll+0x7da13d]
V  [jvm.dll+0x7dba83]
V  [jvm.dll+0x7dc0f3]
V  [jvm.dll+0x2449af]
V  [jvm.dll+0x676ce9]
V  [jvm.dll+0x66b852]
V  [jvm.dll+0x3018d6]
V  [jvm.dll+0x308e76]
V  [jvm.dll+0x3596ee]
V  [jvm.dll+0x35991f]
V  [jvm.dll+0x2d89a8]
V  [jvm.dll+0x2d9914]
V  [jvm.dll+0x7ac6b1]
V  [jvm.dll+0x366f61]
V  [jvm.dll+0x78b609]
V  [jvm.dll+0x3ec22f]
V  [jvm.dll+0x3ede61]
C  [jli.dll+0x5297]
C  [ucrtbase.dll+0x29333]
C  [KERNEL32.DLL+0x1257d]
C  [ntdll.dll+0x5af28]


---------------  P R O C E S S  ---------------

Threads class SMR info:
_java_thread_list=0x00007ff836e87a18, length=0, elements={
}

Java Threads: ( => current thread )

Other Threads:
  0x0000019b6f029920 GCTaskThread "GC Thread#0" [stack: 0x0000008395200000,0x0000008395300000] [id=22556]
  0x0000019b6f03b820 ConcurrentGCThread "G1 Main Marker" [stack: 0x0000008395300000,0x0000008395400000] [id=28560]
  0x0000019b6f03d240 ConcurrentGCThread "G1 Conc#0" [stack: 0x0000008395400000,0x0000008395500000] [id=27852]

[error occurred during error reporting (printing all threads), id 0xc0000005, EXCEPTION_ACCESS_VIOLATION (0xc0000005) at pc=0x00007ff8366b9497]

VM state: not at safepoint (not fully initialized)

VM Mutex/Monitor currently owned by a thread:  ([mutex/lock_event])
[0x0000019b6efcc770] Heap_lock - owner thread: 0x0000019b6efd0ed0

Heap address: 0x0000000084000000, size: 1984 MB, Compressed Oops mode: 32-bit

CDS archive(s) mapped at: [0x0000000000000000-0x0000000000000000-0x0000000000000000), size 0, SharedBaseAddress: 0x0000000800000000, ArchiveRelocationMode: 1.
Narrow klass base: 0x0000000000000000, Narrow klass shift: 0, Narrow klass range: 0x0

GC Precious Log:
<Empty>

Heap:
 garbage-first heap   total 0K, used 0K [0x0000000084000000, 0x0000000100000000)
  region size 1024K, 0 young (0K), 0 survivors (0K)

[error occurred during error reporting (printing heap information), id 0xc0000005, EXCEPTION_ACCESS_VIOLATION (0xc0000005) at pc=0x00007ff836aa3559]

GC Heap History (0 events):
No events

Deoptimization events (0 events):
No events

Classes unloaded (0 events):
No events

Classes redefined (0 events):
No events

Internal exceptions (0 events):
No events

VM Operations (0 events):
No events

Events (1 events):
Event: 0.008 Loaded shared library C:\Program Files\Java\jdk-17\bin\java.dll


Dynamic libraries:
0x00007ff76eed0000 - 0x00007ff76eee0000 	C:\Program Files\Java\jdk-17\bin\javaw.exe
0x00007ff8ceb70000 - 0x00007ff8ced87000 	C:\WINDOWS\SYSTEM32\ntdll.dll
0x00007ff8ce1f0000 - 0x00007ff8ce2b4000 	C:\WINDOWS\System32\KERNEL32.DLL
0x00007ff8cc040000 - 0x00007ff8cc3ec000 	C:\WINDOWS\System32\KERNELBASE.dll
0x00007ff8cc790000 - 0x00007ff8cc8a1000 	C:\WINDOWS\System32\ucrtbase.dll
0x00007ff8b66e0000 - 0x00007ff8b66f9000 	C:\Program Files\Java\jdk-17\bin\jli.dll
0x00007ff8bdb10000 - 0x00007ff8bdb2b000 	C:\Program Files\Java\jdk-17\bin\VCRUNTIME140.dll
0x00007ff8ccdc0000 - 0x00007ff8cce72000 	C:\WINDOWS\System32\ADVAPI32.dll
0x00007ff8cda00000 - 0x00007ff8cdaa7000 	C:\WINDOWS\System32\msvcrt.dll
0x00007ff8ce7a0000 - 0x00007ff8ce84a000 	C:\WINDOWS\System32\sechost.dll
0x00007ff8cc5f0000 - 0x00007ff8cc618000 	C:\WINDOWS\System32\bcrypt.dll
0x00007ff8cdf40000 - 0x00007ff8ce055000 	C:\WINDOWS\System32\RPCRT4.dll
0x00007ff8ce860000 - 0x00007ff8cea0e000 	C:\WINDOWS\System32\USER32.dll
0x00007ff8cc5c0000 - 0x00007ff8cc5e6000 	C:\WINDOWS\System32\win32u.dll
0x00007ff8b5dc0000 - 0x00007ff8b6053000 	C:\WINDOWS\WinSxS\amd64_microsoft.windows.common-controls_6595b64144ccf1df_6.0.22621.3672_none_2713b9d173822955\COMCTL32.dll
0x00007ff8ce530000 - 0x00007ff8ce559000 	C:\WINDOWS\System32\GDI32.dll
0x00007ff8cbea0000 - 0x00007ff8cbfb9000 	C:\WINDOWS\System32\gdi32full.dll
0x00007ff8cc3f0000 - 0x00007ff8cc48a000 	C:\WINDOWS\System32\msvcp_win.dll
0x00007ff8c5810000 - 0x00007ff8c581a000 	C:\WINDOWS\SYSTEM32\VERSION.dll
0x00007ff8ce2e0000 - 0x00007ff8ce311000 	C:\WINDOWS\System32\IMM32.DLL
0x00007ff8c2ad0000 - 0x00007ff8c2adc000 	C:\Program Files\Java\jdk-17\bin\vcruntime140_1.dll
0x00007ff8a24c0000 - 0x00007ff8a254e000 	C:\Program Files\Java\jdk-17\bin\msvcp140.dll
0x00007ff8363d0000 - 0x00007ff836fb0000 	C:\Program Files\Java\jdk-17\bin\server\jvm.dll
0x00007ff8cc8b0000 - 0x00007ff8cc8b8000 	C:\WINDOWS\System32\PSAPI.DLL
0x00007ff8c2fd0000 - 0x00007ff8c3004000 	C:\WINDOWS\SYSTEM32\WINMM.dll
0x00007ff8c2980000 - 0x00007ff8c2989000 	C:\WINDOWS\SYSTEM32\WSOCK32.dll
0x00007ff8ccd40000 - 0x00007ff8ccdb1000 	C:\WINDOWS\System32\WS2_32.dll
0x00007ff8caed0000 - 0x00007ff8caee8000 	C:\WINDOWS\SYSTEM32\kernel.appcore.dll
0x00007ff8c28a0000 - 0x00007ff8c28aa000 	C:\Program Files\Java\jdk-17\bin\jimage.dll
0x00007ff8c97c0000 - 0x00007ff8c99f2000 	C:\WINDOWS\SYSTEM32\DBGHELP.DLL
0x00007ff8cdab0000 - 0x00007ff8cde38000 	C:\WINDOWS\System32\combase.dll
0x00007ff8cd0c0000 - 0x00007ff8cd197000 	C:\WINDOWS\System32\OLEAUT32.dll
0x00007ff8c2630000 - 0x00007ff8c2662000 	C:\WINDOWS\SYSTEM32\dbgcore.DLL
0x00007ff8cbfc0000 - 0x00007ff8cc03b000 	C:\WINDOWS\System32\bcryptPrimitives.dll
0x00007ff8bda00000 - 0x00007ff8bda25000 	C:\Program Files\Java\jdk-17\bin\java.dll

dbghelp: loaded successfully - version: 4.0.5 - missing functions: none
symbol engine: initialized successfully - sym options: 0x614 - pdb path: .;C:\Program Files\Java\jdk-17\bin;C:\WINDOWS\SYSTEM32;C:\WINDOWS\WinSxS\amd64_microsoft.windows.common-controls_6595b64144ccf1df_6.0.22621.3672_none_2713b9d173822955;C:\Program Files\Java\jdk-17\bin\server

VM Arguments:
jvm_args: -Dfile.encoding=UTF-8 -Dstdout.encoding=UTF-8 -Dstderr.encoding=UTF-8 -XX:+ShowCodeDetailsInExceptionMessages 
java_command: employee.splash
java_class_path (initial): C:\Users\91744\eclipse-workspace\myservlet\employee\bin
Launcher Type: SUN_STANDARD

[Global flags]
     intx CICompilerCount                          = 4                                         {product} {ergonomic}
     uint ConcGCThreads                            = 2                                         {product} {ergonomic}
     uint G1ConcRefinementThreads                  = 8                                         {product} {ergonomic}
   size_t G1HeapRegionSize                         = 1048576                                   {product} {ergonomic}
    uintx GCDrainStackTargetSize                   = 64                                        {product} {ergonomic}
   size_t InitialHeapSize                          = 130023424                                 {product} {ergonomic}
   size_t MarkStackSize                            = 4194304                                   {product} {ergonomic}
   size_t MaxHeapSize                              = 2080374784                                {product} {ergonomic}
   size_t MinHeapDeltaBytes                        = 1048576                                   {product} {ergonomic}
   size_t MinHeapSize                              = 8388608                                   {product} {ergonomic}
    uintx NonNMethodCodeHeapSize                   = 5839372                                {pd product} {ergonomic}
    uintx NonProfiledCodeHeapSize                  = 122909434                              {pd product} {ergonomic}
    uintx ProfiledCodeHeapSize                     = 122909434                              {pd product} {ergonomic}
    uintx ReservedCodeCacheSize                    = 251658240                              {pd product} {ergonomic}
     bool SegmentedCodeCache                       = true                                      {product} {ergonomic}
     bool ShowCodeDetailsInExceptionMessages       = true                                   {manageable} {command line}
   size_t SoftMaxHeapSize                          = 2080374784                             {manageable} {ergonomic}
     bool UseCompressedClassPointers               = true                           {product lp64_product} {ergonomic}
     bool UseCompressedOops                        = true                           {product lp64_product} {ergonomic}
     bool UseG1GC                                  = true                                      {product} {ergonomic}
     bool UseLargePagesIndividualAllocation        = false                                  {pd product} {ergonomic}

Logging:
Log output configuration:
 #0: stdout all=warning uptime,level,tags
 #1: stderr all=off uptime,level,tags

Environment Variables:
PATH=C:/Program Files/Java/jdk-17/bin/server;C:/Program Files/Java/jdk-17/bin;C:\Program Files\Common Files\Oracle\Java\javapath;C:\Program Files (x86)\Common Files\Oracle\Java\java8path;C:\Program Files (x86)\Common Files\Oracle\Java\javapath;C:\WINDOWS\system32;C:\WINDOWS;C:\WINDOWS\System32\Wbem;C:\WINDOWS\System32\WindowsPowerShell\v1.0\;C:\WINDOWS\System32\OpenSSH\;C:\Program Files\Java\jdk-11\bin;C:\Program Files\nodejs\;C:\Program Files\HP\HP One Agent;C:\Program Files\MySQL\MySQL Shell 8.0\bin\;C:\Users\91744\AppData\Local\Microsoft\WindowsApps;C:\Users\91744\AppData\Local\Programs\Microsoft VS Code\bin;C:\Users\91744\AppData\Roaming\npm;C:\Program Files\JetBrains\PyCharm Community Edition 2023.2.2\bin;;C:\Users\91744\Downloads\eclipse-jee-2024-03-R-win32-x86_64\eclipse;
USERNAME=91744
OS=Windows_NT
PROCESSOR_IDENTIFIER=Intel64 Family 6 Model 140 Stepping 1, GenuineIntel



---------------  S Y S T E M  ---------------

OS:
 Windows 11 , 64 bit Build 22621 (10.0.22621.3672)
OS uptime: 0 days 3:00 hours

CPU: total 8 (initial active 8) (4 cores per cpu, 2 threads per core) family 6 model 140 stepping 1 microcode 0xac, cx8, cmov, fxsr, ht, mmx, 3dnowpref, sse, sse2, sse3, ssse3, sse4.1, sse4.2, popcnt, lzcnt, tsc, tscinvbit, avx, avx2, aes, erms, clmul, bmi1, bmi2, adx, avx512f, avx512dq, avx512cd, avx512bw, avx512vl, sha, fma, vzeroupper, avx512_vpopcntdq, avx512_vpclmulqdq, avx512_vaes, avx512_vnni, clflush, clflushopt, clwb, avx512_vbmi2, avx512_vbmi

Memory: 4k page, system-wide physical 7932M (311M free)
TotalPageFile size 32508M (AvailPageFile size 46M)
current process WorkingSet (physical memory assigned to process): 11M, peak: 11M
current process commit charge ("private bytes"): 60M, peak: 184M

vm_info: Java HotSpot(TM) 64-Bit Server VM (17.0.11+7-LTS-207) for windows-amd64 JRE (17.0.11+7-LTS-207), built on Mar 11 2024 19:01:50 by "mach5one" with MS VC++ 17.6 (VS2022)

END.
